<?xml version="1.0" encoding="UTF-8"?>
<testng-results total="3" passed="3" failed="0" skipped="0">
  <reporter-output>
  </reporter-output>
  <suite started-at="2022-06-03T11:21:13Z" name="Suite" finished-at="2022-06-03T11:21:48Z" duration-ms="34484">
    <groups>
    </groups>
    <test started-at="2022-06-03T11:21:13Z" name="Test" finished-at="2022-06-03T11:21:48Z" duration-ms="34484">
      <class name="TestRunner.phpTravels">
        <test-method is-config="true" signature="SuiteStarted()[pri:0, instance:TestRunner.phpTravels@791f145a]" started-at="2022-06-03T11:21:13Z" name="SuiteStarted" finished-at="2022-06-03T11:21:13Z" duration-ms="37" status="PASS">
        </test-method>
        <test-method is-config="true" signature="LunchBrowser(java.lang.String)[pri:0, instance:TestRunner.phpTravels@791f145a]" started-at="2022-06-03T11:21:14Z" name="LunchBrowser" finished-at="2022-06-03T11:21:22Z" duration-ms="7679" status="PASS">
          <params>
            <param index="0">
              <value>
                <![CDATA[chrome]]>
              </value>
            </param>
          </params>
        </test-method>
        <test-method signature="signUpTest()[pri:1, instance:TestRunner.phpTravels@791f145a]" started-at="2022-06-03T11:21:22Z" name="signUpTest" finished-at="2022-06-03T11:21:36Z" duration-ms="14058" status="PASS">
        </test-method>
        <test-method signature="loginTest()[pri:2, instance:TestRunner.phpTravels@791f145a]" started-at="2022-06-03T11:21:36Z" name="loginTest" finished-at="2022-06-03T11:21:42Z" duration-ms="6371" status="PASS">
        </test-method>
        <test-method signature="pricingBtnDemo()[pri:3, instance:TestRunner.phpTravels@791f145a]" started-at="2022-06-03T11:21:42Z" name="pricingBtnDemo" finished-at="2022-06-03T11:21:48Z" duration-ms="5613" status="PASS">
        </test-method>
        <test-method is-config="true" signature="SuitedFinished()[pri:0, instance:TestRunner.phpTravels@791f145a]" started-at="2022-06-03T11:21:50Z" name="SuitedFinished" finished-at="2022-06-03T11:21:51Z" duration-ms="1056" status="PASS">
        </test-method>
      </class>
    </test>
  </suite>
</testng-results>
